<?xml version="1.0" encoding="UTF-8"?>
<!-- Generated by org.testng.reporters.JUnitReportReporter -->
<testsuite hostname="DESKTOP-EOJ4J44" failures="0" tests="1" name="Pratice.Parameters" time="0.017" errors="0" timestamp="2023-04-19T19:36:11 IST" skipped="0">
  <testcase classname="Pratice.Parameters" name="m1" time="0.017"/>
  <system-out/>
</testsuite> <!-- Pratice.Parameters -->
